Command line:
   ./testbench_isim_beh.exe
     -intstyle  ise
     -ipchost  localhost
     -ipcport  1041
WARNING:Simulator:678 -  For instance testbench/top1/, width 4 of formal port
   led7_an_o is not equal to width 1 of actual signal leda.

Wed Mar 06 16:19:33 2019

Total Line Count : 26

 Elaboration Time: 0.015625 sec

 Current Memory Usage: 248.173 Meg

 Total Signals          : 13
 Total Nets             : 28
 Total Signal Drivers   : 6
 Total Blocks           : 3
 Total Primitive Blocks : 2
 Total Processes        : 9
 Total Traceable Variables  : 18
 Total Scalar Nets and Variables : 115
ntrace select -o on -n /testbench/sw 
ntrace select -o on -n /testbench/leda 
ntrace select -o on -n /testbench/led 
ntrace start 
isimrun 1000 ns 
Simulator is doing circuit initialization process.
Finished circuit initialization process.

 Total Simulation Time: 0.140625 sec

 Current Memory Usage: 257.675 Meg

Wed Mar 06 16:24:36 2019

