--------------------------------------------------------------------------------
Release 10.1.03 Trace  (nt)
Copyright (c) 1995-2008 Xilinx, Inc.  All rights reserved.

C:\Xilinx\10.1\ISE\bin\nt\unwrapped\trce.exe -ise
C:/Designs/Mekal_Tomaszewski/generator_parzystosci/generator_parzystosci.ise
-intstyle ise -v 3 -s 4 -xml top top.ncd -o top.twr top.pcf -ucf UCF.ucf

Design file:              top.ncd
Physical constraint file: top.pcf
Device,package,speed:     xc3s200,ft256,-4 (PRODUCTION 1.39 2008-01-09)
Report level:             verbose report

Environment Variable      Effect 
--------------------      ------ 
NONE                      No environment variables were set
--------------------------------------------------------------------------------

INFO:Timing:2698 - No timing constraints found, doing default enumeration.
INFO:Timing:2752 - To get complete path coverage, use the unconstrained paths 
   option. All paths that are not constrained will be reported in the 
   unconstrained paths section(s) of the report.
INFO:Timing:3339 - The clock-to-out numbers in this timing report are based on 
   a 50 Ohm transmission line loading model.  For the details of this model, 
   and for more information on accounting for different loading conditions, 
   please see the device datasheet.



Data Sheet report:
-----------------
All values displayed in nanoseconds (ns)

Pad to Pad
---------------+---------------+---------+
Source Pad     |Destination Pad|  Delay  |
---------------+---------------+---------+
sw_i<0>        |led7_seg_o<1>  |   10.960|
sw_i<0>        |led7_seg_o<5>  |   10.852|
sw_i<0>        |led7_seg_o<6>  |   10.562|
sw_i<1>        |led7_seg_o<1>  |   10.755|
sw_i<1>        |led7_seg_o<5>  |   10.647|
sw_i<1>        |led7_seg_o<6>  |   10.357|
sw_i<2>        |led7_seg_o<1>  |   10.454|
sw_i<2>        |led7_seg_o<5>  |   10.346|
sw_i<2>        |led7_seg_o<6>  |   10.056|
sw_i<3>        |led7_seg_o<1>  |   10.453|
sw_i<3>        |led7_seg_o<5>  |   10.345|
sw_i<3>        |led7_seg_o<6>  |   10.055|
sw_i<4>        |led7_seg_o<1>  |    9.660|
sw_i<4>        |led7_seg_o<5>  |    9.985|
sw_i<4>        |led7_seg_o<6>  |    9.695|
sw_i<5>        |led7_seg_o<1>  |    9.931|
sw_i<5>        |led7_seg_o<5>  |   10.256|
sw_i<5>        |led7_seg_o<6>  |    9.966|
sw_i<6>        |led7_seg_o<1>  |    9.378|
sw_i<6>        |led7_seg_o<5>  |    9.703|
sw_i<6>        |led7_seg_o<6>  |    9.413|
sw_i<7>        |led7_seg_o<1>  |    9.256|
sw_i<7>        |led7_seg_o<5>  |    9.581|
sw_i<7>        |led7_seg_o<6>  |    9.291|
---------------+---------------+---------+


Analysis completed Wed Mar 06 16:20:32 2019 
--------------------------------------------------------------------------------

Trace Settings:
-------------------------
Trace Settings 

Peak Memory Usage: 72 MB



